
Starte convert_jobs.php mit Parametern: Array
(
    [stelle_id] => 1
    [login_name] => pkorduan
)


Keine beauftragte Konvertierung gefunden. Nichts zu tun.

Starte convert_jobs.php mit Parametern: Array
(
    [stelle_id] => 1
    [login_name] => pkorduan
)


Keine beauftragte Konvertierung gefunden. Nichts zu tun.

Starte convert_jobs.php mit Parametern: Array
(
    [stelle_id] => 1
    [login_name] => pkorduan
)


Keine beauftragte Konvertierung gefunden. Nichts zu tun.

Starte convert_jobs.php mit Parametern: Array
(
    [stelle_id] => 1
    [login_name] => pkorduan
)


Keine beauftragte Konvertierung gefunden. Nichts zu tun.

Starte convert_jobs.php mit Parametern: Array
(
    [stelle_id] => 1
    [login_name] => pkorduan
)


Keine beauftragte Konvertierung gefunden. Nichts zu tun.

Starte convert_jobs.php mit Parametern: Array
(
    [stelle_id] => 1
    [login_name] => pkorduan
)


Keine beauftragte Konvertierung gefunden. Nichts zu tun.

Starte convert_jobs.php mit Parametern: Array
(
    [stelle_id] => 1
    [login_name] => pkorduan
)


Keine beauftragte Konvertierung gefunden. Nichts zu tun.

Starte convert_jobs.php mit Parametern: Array
(
    [stelle_id] => 1
    [login_name] => pkorduan
)


Keine beauftragte Konvertierung gefunden. Nichts zu tun.

Starte convert_jobs.php mit Parametern: Array
(
    [stelle_id] => 1
    [login_name] => pkorduan
)


Keine beauftragte Konvertierung gefunden. Nichts zu tun.

Starte convert_jobs.php mit Parametern: Array
(
    [stelle_id] => 1
    [login_name] => pkorduan
)


Keine beauftragte Konvertierung gefunden. Nichts zu tun.

Starte convert_jobs.php mit Parametern: Array
(
    [stelle_id] => 1
    [login_name] => pkorduan
)


Keine beauftragte Konvertierung gefunden. Nichts zu tun.

Starte convert_jobs.php mit Parametern: Array
(
    [stelle_id] => 1
    [login_name] => pkorduan
)


Keine beauftragte Konvertierung gefunden. Nichts zu tun.

Starte convert_jobs.php mit Parametern: Array
(
    [stelle_id] => 1
    [login_name] => pkorduan
)


Keine beauftragte Konvertierung gefunden. Nichts zu tun.

Starte convert_jobs.php mit Parametern: Array
(
    [stelle_id] => 1
    [login_name] => pkorduan
)


Keine beauftragte Konvertierung gefunden. Nichts zu tun.

Starte convert_jobs.php mit Parametern: Array
(
    [stelle_id] => 1
    [login_name] => pkorduan
)


Keine beauftragte Konvertierung gefunden. Nichts zu tun.

Starte convert_jobs.php mit Parametern: Array
(
    [stelle_id] => 1
    [login_name] => pkorduan
)


Keine beauftragte Konvertierung gefunden. Nichts zu tun.

Starte convert_jobs.php mit Parametern: Array
(
    [stelle_id] => 1
    [login_name] => pkorduan
)


Keine beauftragte Konvertierung gefunden. Nichts zu tun.

Starte convert_jobs.php mit Parametern: Array
(
    [stelle_id] => 1
    [login_name] => pkorduan
)


Keine beauftragte Konvertierung gefunden. Nichts zu tun.

Starte convert_jobs.php mit Parametern: Array
(
    [stelle_id] => 1
    [login_name] => pkorduan
)


Keine beauftragte Konvertierung gefunden. Nichts zu tun.

Starte convert_jobs.php mit Parametern: Array
(
    [stelle_id] => 1
    [login_name] => pkorduan
)


Keine beauftragte Konvertierung gefunden. Nichts zu tun.

Starte convert_jobs.php mit Parametern: Array
(
    [stelle_id] => 1
    [login_name] => pkorduan
)


Keine beauftragte Konvertierung gefunden. Nichts zu tun.

Starte convert_jobs.php mit Parametern: Array
(
    [stelle_id] => 1
    [login_name] => pkorduan
)


Keine beauftragte Konvertierung gefunden. Nichts zu tun.

Starte convert_jobs.php mit Parametern: Array
(
    [stelle_id] => 1
    [login_name] => pkorduan
)


Keine beauftragte Konvertierung gefunden. Nichts zu tun.

Starte convert_jobs.php mit Parametern: Array
(
    [stelle_id] => 1
    [login_name] => pkorduan
)


Keine beauftragte Konvertierung gefunden. Nichts zu tun.

Starte convert_jobs.php mit Parametern: Array
(
    [stelle_id] => 1
    [login_name] => pkorduan
)


Keine beauftragte Konvertierung gefunden. Nichts zu tun.

Starte convert_jobs.php mit Parametern: Array
(
    [stelle_id] => 1
    [login_name] => pkorduan
)


Keine beauftragte Konvertierung gefunden. Nichts zu tun.

Starte convert_jobs.php mit Parametern: Array
(
    [stelle_id] => 1
    [login_name] => pkorduan
)


Keine beauftragte Konvertierung gefunden. Nichts zu tun.

Starte convert_jobs.php mit Parametern: Array
(
    [stelle_id] => 1
    [login_name] => pkorduan
)


Keine beauftragte Konvertierung gefunden. Nichts zu tun.

Starte convert_jobs.php mit Parametern: Array
(
    [stelle_id] => 1
    [login_name] => pkorduan
)


Keine beauftragte Konvertierung gefunden. Nichts zu tun.

Starte convert_jobs.php mit Parametern: Array
(
    [stelle_id] => 1
    [login_name] => pkorduan
)


Keine beauftragte Konvertierung gefunden. Nichts zu tun.
